<?xml version="1.0" encoding="UTF-8"?>
<!-- Generated by org.testng.reporters.JUnitXMLReporter -->
<testsuite ignored="1" hostname="Amulyas-MacBook-Air.local" failures="0" tests="4" name="PackageLevelTests" time="49.21" errors="0" timestamp="2025-02-03T01:36:17 GMT-08:00">
  <testcase classname="com.contest.tests.TelecomProjectTests" name="addCustomerTest" time="13.973"/>
  <testcase classname="com.contest.tests.TelecomProjectTests" name="addTarrifPlanTest" time="11.639"/>
  <testcase classname="com.contest.tests.TelecomProjectTests" name="addTarrifPlanToCustomerTest" time="8.014"/>
  <testcase classname="com.contest.tests.TelecomProjectTests" name="payBillingTest" time="11.024"/>
  <testcase classname="com.contest.tests.BaseTest" name="@BeforeSuite setUp" time="0.0">
    <ignored/>
  </testcase> <!-- @BeforeSuite setUp -->
</testsuite> <!-- PackageLevelTests -->
