<?xml version="1.0" encoding="UTF-8"?>
<!-- Generated by org.testng.reporters.JUnitXMLReporter -->
<testsuite ignored="1" hostname="Amulyas-MacBook-Air.local" failures="0" tests="4" name="PackageLevelTests" time="135.987" errors="0" timestamp="2024-07-14T18:44:54 GMT-07:00">
  <testcase classname="com.contest.tests.TelecomProjectTests" name="addCustomerTest" time="30.643"/>
  <testcase classname="com.contest.tests.TelecomProjectTests" name="addTarrifPlanTest" time="24.737"/>
  <testcase classname="com.contest.tests.TelecomProjectTests" name="addTarrifPlanToCustomerTest" time="16.615"/>
  <testcase classname="com.contest.tests.TelecomProjectTests" name="payBillingTest" time="22.034"/>
  <testcase classname="com.contest.tests.BaseTest" name="@BeforeSuite setUp" time="0.0">
    <ignored/>
  </testcase> <!-- @BeforeSuite setUp -->
</testsuite> <!-- PackageLevelTests -->
