<?xml version="1.0" encoding="UTF-8"?>
<testng-results ignored="0" total="4" passed="4" failed="0" skipped="0">
  <reporter-output>
  </reporter-output>
  <suite started-at="2024-07-14T18:42:35 GMT-07:00" name="Suite1" finished-at="2024-07-14T18:44:51 GMT-07:00" duration-ms="135987">
    <groups>
    </groups>
    <test started-at="2024-07-14T18:42:35 GMT-07:00" name="PackageLevelTests" finished-at="2024-07-14T18:44:51 GMT-07:00" duration-ms="135987">
      <class name="com.contest.tests.TelecomProjectTests">
        <test-method is-config="true" signature="setUp()[pri:0, instance:com.contest.tests.TelecomProjectTests@31fa1761]" started-at="2024-07-14T18:42:22 GMT-07:00" name="setUp" finished-at="2024-07-14T18:42:35 GMT-07:00" duration-ms="13233" status="PASS">
          <reporter-output>
          </reporter-output>
        </test-method> <!-- setUp -->
        <test-method is-config="true" signature="setUps()[pri:0, instance:com.contest.tests.TelecomProjectTests@31fa1761]" started-at="2024-07-14T18:42:35 GMT-07:00" name="setUps" finished-at="2024-07-14T18:43:12 GMT-07:00" duration-ms="36483" status="PASS">
          <reporter-output>
          </reporter-output>
        </test-method> <!-- setUps -->
        <test-method signature="addCustomerTest()[pri:0, instance:com.contest.tests.TelecomProjectTests@31fa1761]" started-at="2024-07-14T18:43:12 GMT-07:00" name="addCustomerTest" finished-at="2024-07-14T18:43:42 GMT-07:00" duration-ms="30643" status="PASS">
          <reporter-output>
          </reporter-output>
        </test-method> <!-- addCustomerTest -->
        <test-method is-config="true" signature="setUps()[pri:0, instance:com.contest.tests.TelecomProjectTests@31fa1761]" started-at="2024-07-14T18:43:43 GMT-07:00" name="setUps" finished-at="2024-07-14T18:43:44 GMT-07:00" duration-ms="1754" status="PASS">
          <reporter-output>
          </reporter-output>
        </test-method> <!-- setUps -->
        <test-method signature="addTarrifPlanTest()[pri:0, instance:com.contest.tests.TelecomProjectTests@31fa1761]" started-at="2024-07-14T18:43:44 GMT-07:00" name="addTarrifPlanTest" finished-at="2024-07-14T18:44:09 GMT-07:00" duration-ms="24737" status="PASS">
          <reporter-output>
          </reporter-output>
        </test-method> <!-- addTarrifPlanTest -->
        <test-method is-config="true" signature="setUps()[pri:0, instance:com.contest.tests.TelecomProjectTests@31fa1761]" started-at="2024-07-14T18:44:09 GMT-07:00" name="setUps" finished-at="2024-07-14T18:44:10 GMT-07:00" duration-ms="1414" status="PASS">
          <reporter-output>
          </reporter-output>
        </test-method> <!-- setUps -->
        <test-method signature="addTarrifPlanToCustomerTest()[pri:0, instance:com.contest.tests.TelecomProjectTests@31fa1761]" started-at="2024-07-14T18:44:10 GMT-07:00" name="addTarrifPlanToCustomerTest" finished-at="2024-07-14T18:44:27 GMT-07:00" duration-ms="16615" status="PASS">
          <reporter-output>
          </reporter-output>
        </test-method> <!-- addTarrifPlanToCustomerTest -->
        <test-method is-config="true" signature="setUps()[pri:0, instance:com.contest.tests.TelecomProjectTests@31fa1761]" started-at="2024-07-14T18:44:27 GMT-07:00" name="setUps" finished-at="2024-07-14T18:44:29 GMT-07:00" duration-ms="1952" status="PASS">
          <reporter-output>
          </reporter-output>
        </test-method> <!-- setUps -->
        <test-method signature="payBillingTest()[pri:0, instance:com.contest.tests.TelecomProjectTests@31fa1761]" started-at="2024-07-14T18:44:29 GMT-07:00" name="payBillingTest" finished-at="2024-07-14T18:44:51 GMT-07:00" duration-ms="22034" status="PASS">
          <reporter-output>
          </reporter-output>
        </test-method> <!-- payBillingTest -->
      </class> <!-- com.contest.tests.TelecomProjectTests -->
    </test> <!-- PackageLevelTests -->
  </suite> <!-- Suite1 -->
</testng-results>
