<?xml version="1.0" encoding="UTF-8"?>
<testng-results ignored="0" total="4" passed="4" failed="0" skipped="0">
  <reporter-output>
  </reporter-output>
  <suite started-at="2025-02-03T01:35:27 GMT-08:00" name="Suite1" finished-at="2025-02-03T01:36:17 GMT-08:00" duration-ms="49210">
    <groups>
    </groups>
    <test started-at="2025-02-03T01:35:27 GMT-08:00" name="PackageLevelTests" finished-at="2025-02-03T01:36:17 GMT-08:00" duration-ms="49210">
      <class name="com.contest.tests.TelecomProjectTests">
        <test-method is-config="true" signature="setUp()[pri:0, instance:com.contest.tests.TelecomProjectTests@32502377]" started-at="2025-02-03T01:34:31 GMT-08:00" name="setUp" finished-at="2025-02-03T01:35:27 GMT-08:00" duration-ms="56874" status="PASS">
          <reporter-output>
          </reporter-output>
        </test-method> <!-- setUp -->
        <test-method is-config="true" signature="setUps()[pri:0, instance:com.contest.tests.TelecomProjectTests@32502377]" started-at="2025-02-03T01:35:27 GMT-08:00" name="setUps" finished-at="2025-02-03T01:35:32 GMT-08:00" duration-ms="4099" status="PASS">
          <reporter-output>
          </reporter-output>
        </test-method> <!-- setUps -->
        <test-method signature="addCustomerTest()[pri:0, instance:com.contest.tests.TelecomProjectTests@32502377]" started-at="2025-02-03T01:35:32 GMT-08:00" name="addCustomerTest" finished-at="2025-02-03T01:35:46 GMT-08:00" duration-ms="13973" status="PASS">
          <reporter-output>
          </reporter-output>
        </test-method> <!-- addCustomerTest -->
        <test-method is-config="true" signature="setUps()[pri:0, instance:com.contest.tests.TelecomProjectTests@32502377]" started-at="2025-02-03T01:35:46 GMT-08:00" name="setUps" finished-at="2025-02-03T01:35:46 GMT-08:00" duration-ms="184" status="PASS">
          <reporter-output>
          </reporter-output>
        </test-method> <!-- setUps -->
        <test-method signature="addTarrifPlanTest()[pri:0, instance:com.contest.tests.TelecomProjectTests@32502377]" started-at="2025-02-03T01:35:46 GMT-08:00" name="addTarrifPlanTest" finished-at="2025-02-03T01:35:57 GMT-08:00" duration-ms="11639" status="PASS">
          <reporter-output>
          </reporter-output>
        </test-method> <!-- addTarrifPlanTest -->
        <test-method is-config="true" signature="setUps()[pri:0, instance:com.contest.tests.TelecomProjectTests@32502377]" started-at="2025-02-03T01:35:57 GMT-08:00" name="setUps" finished-at="2025-02-03T01:35:57 GMT-08:00" duration-ms="14" status="PASS">
          <reporter-output>
          </reporter-output>
        </test-method> <!-- setUps -->
        <test-method signature="addTarrifPlanToCustomerTest()[pri:0, instance:com.contest.tests.TelecomProjectTests@32502377]" started-at="2025-02-03T01:35:57 GMT-08:00" name="addTarrifPlanToCustomerTest" finished-at="2025-02-03T01:36:05 GMT-08:00" duration-ms="8014" status="PASS">
          <reporter-output>
          </reporter-output>
        </test-method> <!-- addTarrifPlanToCustomerTest -->
        <test-method is-config="true" signature="setUps()[pri:0, instance:com.contest.tests.TelecomProjectTests@32502377]" started-at="2025-02-03T01:36:05 GMT-08:00" name="setUps" finished-at="2025-02-03T01:36:06 GMT-08:00" duration-ms="166" status="PASS">
          <reporter-output>
          </reporter-output>
        </test-method> <!-- setUps -->
        <test-method signature="payBillingTest()[pri:0, instance:com.contest.tests.TelecomProjectTests@32502377]" started-at="2025-02-03T01:36:06 GMT-08:00" name="payBillingTest" finished-at="2025-02-03T01:36:17 GMT-08:00" duration-ms="11024" status="PASS">
          <reporter-output>
          </reporter-output>
        </test-method> <!-- payBillingTest -->
      </class> <!-- com.contest.tests.TelecomProjectTests -->
    </test> <!-- PackageLevelTests -->
  </suite> <!-- Suite1 -->
</testng-results>
